<?xml version="1.0" encoding="UTF-8"?>
<!-- Generated by org.testng.reporters.JUnitXMLReporter -->
<testsuite hostname="BLR1-LTBPKSX52" name="Default test" tests="2" failures="0" timestamp="4 Sep 2020 07:48:53 GMT" time="5.286" errors="0">
  <testcase name="postSerilization" time="4.947" classname="resetAssured_Handson.Serilization_Deserilization"/>
  <testcase name="getDeserilization" time="0.301" classname="resetAssured_Handson.Serilization_Deserilization"/>
</testsuite> <!-- Default test -->
