<?xml version="1.0" encoding="UTF-8"?>
<testng-results skipped="0" failed="0" total="2" passed="2">
  <reporter-output>
  </reporter-output>
  <suite name="Default suite" duration-ms="5286" started-at="2020-09-04T07:48:48Z" finished-at="2020-09-04T07:48:53Z">
    <groups>
    </groups>
    <test name="Default test" duration-ms="5286" started-at="2020-09-04T07:48:48Z" finished-at="2020-09-04T07:48:53Z">
      <class name="resetAssured_Handson.Serilization_Deserilization">
        <test-method status="PASS" signature="postSerilization()[pri:1, instance:resetAssured_Handson.Serilization_Deserilization@129a8472]" name="postSerilization" duration-ms="4947" started-at="2020-09-04T13:18:48Z" finished-at="2020-09-04T13:18:53Z">
          <reporter-output>
          </reporter-output>
        </test-method> <!-- postSerilization -->
        <test-method status="PASS" signature="getDeserilization()[pri:2, instance:resetAssured_Handson.Serilization_Deserilization@129a8472]" name="getDeserilization" duration-ms="301" started-at="2020-09-04T13:18:53Z" finished-at="2020-09-04T13:18:53Z">
          <reporter-output>
          </reporter-output>
        </test-method> <!-- getDeserilization -->
      </class> <!-- resetAssured_Handson.Serilization_Deserilization -->
    </test> <!-- Default test -->
  </suite> <!-- Default suite -->
</testng-results>
